2025-03-24 08:59:22,699 [INFO] 日志文件: D:\Projects\bobo\auto_launcher\logs\simple_launcher_20250324_085922.log
2025-03-24 08:59:22,700 [INFO] ESC键监听已启动，按ESC键可随时退出程序
2025-03-24 08:59:22,700 [INFO] 准备启动 10 个 wuyanzhengma.exe 实例
2025-03-24 08:59:22,700 [INFO] 启动参数: 
2025-03-24 08:59:22,700 [INFO] 启动间隔: 2.0秒
2025-03-24 08:59:22,700 [INFO] 启动第 1/10 个实例
2025-03-24 08:59:22,715 [INFO] 启动新实例 PID=27640
2025-03-24 08:59:24,716 [INFO] 启动第 2/10 个实例
2025-03-24 08:59:24,724 [INFO] 启动新实例 PID=9608
2025-03-24 08:59:26,725 [INFO] 启动第 3/10 个实例
2025-03-24 08:59:26,734 [INFO] 启动新实例 PID=30488
2025-03-24 08:59:28,744 [INFO] 启动第 4/10 个实例
2025-03-24 08:59:28,753 [INFO] 启动新实例 PID=33884
2025-03-24 08:59:30,754 [INFO] 启动第 5/10 个实例
2025-03-24 08:59:30,768 [INFO] 启动新实例 PID=37912
2025-03-24 08:59:32,768 [INFO] 启动第 6/10 个实例
2025-03-24 08:59:32,780 [INFO] 启动新实例 PID=42928
2025-03-24 08:59:34,782 [INFO] 启动第 7/10 个实例
2025-03-24 08:59:34,817 [INFO] 启动新实例 PID=49336
2025-03-24 08:59:36,819 [INFO] 启动第 8/10 个实例
2025-03-24 08:59:36,844 [INFO] 启动新实例 PID=52408
2025-03-24 08:59:38,851 [INFO] 启动第 9/10 个实例
2025-03-24 08:59:38,881 [INFO] 启动新实例 PID=62280
2025-03-24 08:59:40,882 [INFO] 启动第 10/10 个实例
2025-03-24 08:59:40,924 [INFO] 启动新实例 PID=68748
2025-03-24 08:59:40,925 [INFO] 所有实例已启动，程序将持续运行
2025-03-24 08:59:40,932 [INFO] 当前运行实例数: 10
2025-03-24 08:59:51,010 [INFO] 当前运行实例数: 10
2025-03-24 09:00:01,135 [INFO] 当前运行实例数: 10
2025-03-24 09:00:11,187 [INFO] 当前运行实例数: 10
2025-03-24 09:00:20,843 [INFO] 检测到ESC键，正在安全退出...
2025-03-24 09:00:21,303 [INFO] 已终止进程 PID=27640
2025-03-24 09:00:21,411 [INFO] 已终止进程 PID=9608
2025-03-24 09:00:21,553 [INFO] 已终止进程 PID=30488
2025-03-24 09:00:21,624 [INFO] 已终止进程 PID=33884
2025-03-24 09:00:21,734 [INFO] 已终止进程 PID=37912
2025-03-24 09:00:21,833 [INFO] 已终止进程 PID=42928
2025-03-24 09:00:22,001 [INFO] 已终止进程 PID=49336
2025-03-24 09:00:22,083 [INFO] 已终止进程 PID=52408
2025-03-24 09:00:22,201 [INFO] 已终止进程 PID=62280
2025-03-24 09:00:22,326 [INFO] 已终止进程 PID=68748
2025-03-24 09:00:22,327 [INFO] 所有进程已清理完成
